<?xml version="1.0" encoding="UTF-8"?>
<testng-results ignored="0" total="4" passed="4" failed="0" skipped="0">
  <reporter-output>
  </reporter-output>
  <suite started-at="2024-11-12T16:08:09 IST" name="Suite" finished-at="2024-11-12T16:08:13 IST" duration-ms="3993">
    <groups>
      <group name="regression">
        <method signature="ContactTest.createContactTest()[pri:0, instance:pac1.ContactTest@158da8e]" name="createContactTest" class="pac1.ContactTest"/>
        <method signature="OrgTest.createOrgTest()[pri:0, instance:pac2.OrgTest@5af3afd9]" name="createOrgTest" class="pac2.OrgTest"/>
      </group> <!-- regression -->
      <group name="smoke">
        <method signature="ContactTest.modifyContactTest()[pri:0, instance:pac1.ContactTest@158da8e]" name="modifyContactTest" class="pac1.ContactTest"/>
        <method signature="OrgTest.modifyOrgTest()[pri:0, instance:pac2.OrgTest@5af3afd9]" name="modifyOrgTest" class="pac2.OrgTest"/>
      </group> <!-- smoke -->
    </groups>
    <test started-at="2024-11-12T16:08:09 IST" name="Test" finished-at="2024-11-12T16:08:13 IST" duration-ms="3993">
      <class name="pac1.ContactTest">
        <test-method is-config="true" signature="configBS()[pri:0, instance:pac1.ContactTest@158da8e]" started-at="2024-11-12T16:08:09 IST" name="configBS" finished-at="2024-11-12T16:08:09 IST" duration-ms="14" status="PASS">
          <reporter-output>
          </reporter-output>
        </test-method> <!-- configBS -->
        <test-method is-config="true" signature="configBC(java.lang.String)[pri:0, instance:pac1.ContactTest@158da8e]" started-at="2024-11-12T16:08:09 IST" name="configBC" finished-at="2024-11-12T16:08:11 IST" duration-ms="2250" status="PASS">
          <params>
            <param index="0">
              <value>
                <![CDATA[chrome]]>
              </value>
            </param>
          </params>
          <reporter-output>
          </reporter-output>
        </test-method> <!-- configBC -->
        <test-method is-config="true" signature="cofigBM()[pri:0, instance:pac1.ContactTest@158da8e]" started-at="2024-11-12T16:08:11 IST" name="cofigBM" finished-at="2024-11-12T16:08:11 IST" duration-ms="1" status="PASS">
          <reporter-output>
          </reporter-output>
        </test-method> <!-- cofigBM -->
        <test-method signature="createContactTest()[pri:0, instance:pac1.ContactTest@158da8e]" started-at="2024-11-12T16:08:11 IST" name="createContactTest" finished-at="2024-11-12T16:08:11 IST" duration-ms="1" status="PASS">
          <reporter-output>
          </reporter-output>
        </test-method> <!-- createContactTest -->
        <test-method is-config="true" signature="configAM()[pri:0, instance:pac1.ContactTest@158da8e]" started-at="2024-11-12T16:08:11 IST" name="configAM" finished-at="2024-11-12T16:08:11 IST" duration-ms="1" status="PASS">
          <reporter-output>
          </reporter-output>
        </test-method> <!-- configAM -->
        <test-method is-config="true" signature="cofigBM()[pri:0, instance:pac1.ContactTest@158da8e]" started-at="2024-11-12T16:08:11 IST" name="cofigBM" finished-at="2024-11-12T16:08:11 IST" duration-ms="1" status="PASS">
          <reporter-output>
          </reporter-output>
        </test-method> <!-- cofigBM -->
        <test-method signature="modifyContactTest()[pri:0, instance:pac1.ContactTest@158da8e]" started-at="2024-11-12T16:08:11 IST" name="modifyContactTest" finished-at="2024-11-12T16:08:11 IST" duration-ms="0" status="PASS">
          <reporter-output>
          </reporter-output>
        </test-method> <!-- modifyContactTest -->
        <test-method is-config="true" signature="configAC()[pri:0, instance:pac1.ContactTest@158da8e]" started-at="2024-11-12T16:08:11 IST" name="configAC" finished-at="2024-11-12T16:08:12 IST" duration-ms="179" status="PASS">
          <reporter-output>
          </reporter-output>
        </test-method> <!-- configAC -->
        <test-method is-config="true" signature="configAM()[pri:0, instance:pac1.ContactTest@158da8e]" started-at="2024-11-12T16:08:11 IST" name="configAM" finished-at="2024-11-12T16:08:11 IST" duration-ms="0" status="PASS">
          <reporter-output>
          </reporter-output>
        </test-method> <!-- configAM -->
        <test-method is-config="true" signature="configAS()[pri:0, instance:pac1.ContactTest@158da8e]" started-at="2024-11-12T16:08:13 IST" name="configAS" finished-at="2024-11-12T16:08:13 IST" duration-ms="1" status="PASS">
          <reporter-output>
          </reporter-output>
        </test-method> <!-- configAS -->
      </class> <!-- pac1.ContactTest -->
      <class name="pac2.OrgTest">
        <test-method is-config="true" signature="configBC(java.lang.String)[pri:0, instance:pac2.OrgTest@5af3afd9]" started-at="2024-11-12T16:08:12 IST" name="configBC" finished-at="2024-11-12T16:08:13 IST" duration-ms="1401" status="PASS">
          <params>
            <param index="0">
              <value>
                <![CDATA[chrome]]>
              </value>
            </param>
          </params>
          <reporter-output>
          </reporter-output>
        </test-method> <!-- configBC -->
        <test-method signature="createOrgTest()[pri:0, instance:pac2.OrgTest@5af3afd9]" started-at="2024-11-12T16:08:13 IST" name="createOrgTest" finished-at="2024-11-12T16:08:13 IST" duration-ms="0" status="PASS">
          <reporter-output>
          </reporter-output>
        </test-method> <!-- createOrgTest -->
        <test-method is-config="true" signature="cofigBM()[pri:0, instance:pac2.OrgTest@5af3afd9]" started-at="2024-11-12T16:08:13 IST" name="cofigBM" finished-at="2024-11-12T16:08:13 IST" duration-ms="0" status="PASS">
          <reporter-output>
          </reporter-output>
        </test-method> <!-- cofigBM -->
        <test-method is-config="true" signature="configAM()[pri:0, instance:pac2.OrgTest@5af3afd9]" started-at="2024-11-12T16:08:13 IST" name="configAM" finished-at="2024-11-12T16:08:13 IST" duration-ms="0" status="PASS">
          <reporter-output>
          </reporter-output>
        </test-method> <!-- configAM -->
        <test-method is-config="true" signature="cofigBM()[pri:0, instance:pac2.OrgTest@5af3afd9]" started-at="2024-11-12T16:08:13 IST" name="cofigBM" finished-at="2024-11-12T16:08:13 IST" duration-ms="1" status="PASS">
          <reporter-output>
          </reporter-output>
        </test-method> <!-- cofigBM -->
        <test-method signature="modifyOrgTest()[pri:0, instance:pac2.OrgTest@5af3afd9]" started-at="2024-11-12T16:08:13 IST" name="modifyOrgTest" finished-at="2024-11-12T16:08:13 IST" duration-ms="0" status="PASS">
          <reporter-output>
          </reporter-output>
        </test-method> <!-- modifyOrgTest -->
        <test-method is-config="true" signature="configAC()[pri:0, instance:pac2.OrgTest@5af3afd9]" started-at="2024-11-12T16:08:13 IST" name="configAC" finished-at="2024-11-12T16:08:13 IST" duration-ms="116" status="PASS">
          <reporter-output>
          </reporter-output>
        </test-method> <!-- configAC -->
        <test-method is-config="true" signature="configAM()[pri:0, instance:pac2.OrgTest@5af3afd9]" started-at="2024-11-12T16:08:13 IST" name="configAM" finished-at="2024-11-12T16:08:13 IST" duration-ms="0" status="PASS">
          <reporter-output>
          </reporter-output>
        </test-method> <!-- configAM -->
      </class> <!-- pac2.OrgTest -->
    </test> <!-- Test -->
  </suite> <!-- Suite -->
</testng-results>
